T4-SP (r45)
Current language: english
Current search path:
C:\Users\goldm\AppData\Local\Activision\CoDWaW\mods\nazi_zombie_remastered_dlc2\nazi_zombie_remastered_dlc2.iwd (115 files)
C:\Users\goldm\AppData\Local\Activision\CoDWaW/mods/nazi_zombie_remastered_dlc2
C:\Users\goldm\AppData\Local\Activision\CoDWaW/usermaps
C:\Users\goldm\AppData\Local\Activision\CoDWaW/mods
C:\Program Files (x86)\Steam\steamapps\common\Call of Duty World at War\main\iw_69.iwd (9 files)
C:\Program Files (x86)\Steam\steamapps\common\Call of Duty World at War\main\iw_27.iwd (60 files)
C:\Program Files (x86)\Steam\steamapps\common\Call of Duty World at War\main\iw_26.iwd (522 files)
C:\Program Files (x86)\Steam\steamapps\common\Call of Duty World at War\main\iw_25.iwd (139 files)
C:\Program Files (x86)\Steam\steamapps\common\Call of Duty World at War\main\iw_24.iwd (502 files)
C:\Program Files (x86)\Steam\steamapps\common\Call of Duty World at War\main\iw_23.iwd (3 files)
C:\Program Files (x86)\Steam\steamapps\common\Call of Duty World at War\main\iw_22.iwd (529 files)
C:\Program Files (x86)\Steam\steamapps\common\Call of Duty World at War\main\iw_21.iwd (13 files)
C:\Program Files (x86)\Steam\steamapps\common\Call of Duty World at War\main\iw_20.iwd (69 files)
C:\Program Files (x86)\Steam\steamapps\common\Call of Duty World at War\main\iw_19.iwd (52 files)
C:\Program Files (x86)\Steam\steamapps\common\Call of Duty World at War\main\iw_18.iwd (51 files)
C:\Program Files (x86)\Steam\steamapps\common\Call of Duty World at War\main\iw_17.iwd (42 files)
C:\Program Files (x86)\Steam\steamapps\common\Call of Duty World at War\main\iw_16.iwd (44 files)
C:\Program Files (x86)\Steam\steamapps\common\Call of Duty World at War\main\iw_15.iwd (145 files)
C:\Program Files (x86)\Steam\steamapps\common\Call of Duty World at War\main\iw_14.iwd (655 files)
C:\Program Files (x86)\Steam\steamapps\common\Call of Duty World at War\main\iw_13.iwd (400 files)
C:\Program Files (x86)\Steam\steamapps\common\Call of Duty World at War\main\iw_12.iwd (453 files)
C:\Program Files (x86)\Steam\steamapps\common\Call of Duty World at War\main\iw_11.iwd (366 files)
C:\Program Files (x86)\Steam\steamapps\common\Call of Duty World at War\main\iw_10.iwd (549 files)
C:\Program Files (x86)\Steam\steamapps\common\Call of Duty World at War\main\iw_09.iwd (413 files)
C:\Program Files (x86)\Steam\steamapps\common\Call of Duty World at War\main\iw_08.iwd (484 files)
C:\Program Files (x86)\Steam\steamapps\common\Call of Duty World at War\main\iw_07.iwd (755 files)
C:\Program Files (x86)\Steam\steamapps\common\Call of Duty World at War\main\iw_06.iwd (537 files)
C:\Program Files (x86)\Steam\steamapps\common\Call of Duty World at War\main\iw_05.iwd (569 files)
C:\Program Files (x86)\Steam\steamapps\common\Call of Duty World at War\main\iw_04.iwd (711 files)
C:\Program Files (x86)\Steam\steamapps\common\Call of Duty World at War\main\iw_03.iwd (743 files)
C:\Program Files (x86)\Steam\steamapps\common\Call of Duty World at War\main\iw_02.iwd (694 files)
C:\Program Files (x86)\Steam\steamapps\common\Call of Duty World at War\main\iw_01.iwd (350 files)
C:\Program Files (x86)\Steam\steamapps\common\Call of Duty World at War\main\iw_00.iwd (808 files)
C:\Program Files (x86)\Steam\steamapps\common\Call of Duty World at War/main
C:\Program Files (x86)\Steam\steamapps\common\Call of Duty World at War/main_shared
C:\Users\goldm\AppData\Local\Activision\CoDWaW/players
C:\Program Files (x86)\Steam\steamapps\common\Call of Duty World at War\main\localized_english_iw06.iwd (1804 files)
    localized assets iwd file for english
C:\Program Files (x86)\Steam\steamapps\common\Call of Duty World at War\main\localized_english_iw05.iwd (1246 files)
    localized assets iwd file for english
C:\Program Files (x86)\Steam\steamapps\common\Call of Duty World at War\main\localized_english_iw04.iwd (363 files)
    localized assets iwd file for english
C:\Program Files (x86)\Steam\steamapps\common\Call of Duty World at War\main\localized_english_iw03.iwd (28 files)
    localized assets iwd file for english
C:\Program Files (x86)\Steam\steamapps\common\Call of Duty World at War\main\localized_english_iw02.iwd (3163 files)
    localized assets iwd file for english
C:\Program Files (x86)\Steam\steamapps\common\Call of Duty World at War\main\localized_english_iw01.iwd (5164 files)
    localized assets iwd file for english
C:\Program Files (x86)\Steam\steamapps\common\Call of Duty World at War\main\localized_english_iw00.iwd (4592 files)
    localized assets iwd file for english

File Handles:
handle 1: console.log
----------------------
27142 files in iwd files
Adding channel: error
Adding channel: gamenotify
Adding channel: boldgame
Adding channel: subtitle
Adding channel: obituary
Adding channel: logfile_only
Adding channel: console_only
Adding channel: gfx
Adding channel: sound
Adding channel: files
Adding channel: devgui
Adding channel: profile
Adding channel: ui
Adding channel: client
Adding channel: server
Adding channel: system
Adding channel: playerweap
Adding channel: ai
Adding channel: anim
Adding channel: physics
Adding channel: fx
Adding channel: leaderboards
Adding channel: parserscript
Adding channel: script
Adding channel: coopinfo
No channels added or hidden
Adding channel: error
Adding channel: error
No channels added or hidden
Adding channel: gamenotify
Adding channel: obituary
No channels added or hidden
Adding channel: boldgame
No channels added or hidden
Adding channel: subtitle
No channels added or hidden
Adding channel: coopinfo
execing default.cfg from disk
execing default_controls.cfg from disk
execing coop_arcademode.cfg from disk
No channels added or hidden
execing language.cfg from disk
execing profiles/John_Banana/config.cfg from disk
Hiding channel: error
Hiding channel: gamenotify
Hiding channel: boldgame
Hiding channel: subtitle
Hiding channel: obituary
Hiding channel: logfile_only
Hiding channel: console_only
Hiding channel: gfx
Hiding channel: sound
Hiding channel: files
Hiding channel: devgui
Hiding channel: profile
Hiding channel: ui
Hiding channel: client
Hiding channel: server
Hiding channel: system
Hiding channel: playerweap
Hiding channel: ai
Hiding channel: anim
Hiding channel: physics
Hiding channel: fx
Hiding channel: leaderboards
Hiding channel: parserscript
Hiding channel: script
Hiding channel: coopinfo
No channels added or hidden
Adding channel: error
Adding channel: gamenotify
Adding channel: boldgame
Adding channel: subtitle
Adding channel: obituary
Adding channel: logfile_only
Adding channel: console_only
Adding channel: gfx
Adding channel: sound
Adding channel: files
Adding channel: devgui
Adding channel: profile
Adding channel: ui
Adding channel: client
Adding channel: server
Adding channel: system
Adding channel: playerweap
Adding channel: ai
Adding channel: anim
Adding channel: physics
Adding channel: fx
Adding channel: leaderboards
Adding channel: parserscript
Adding channel: script
Adding channel: coopinfo
Unknown command "updategamerprofile"
Unknown command "updategamerprofile"
Unknown command "updategamerprofile"
fs_game is write protected.
CPU vendor is "GenuineIntel"
CPU name is "Intel(R) Core(TM) i5-8600K CPU @ 3.60GHz"
6 logical CPUs reported
6 physical CPUs detected
Measured CPU speed is 0.01 GHz
Total CPU performance is estimated as 0.05 GHz
System memory is 1024 MB (capped at 1 GB)
Video card is "Radeon RX 580 Series"
Streaming SIMD Extensions (SSE) supported

Winsock Initialized
Opening IP socket: localhost:28960
Hostname: DESKTOP-26DJEQR
IP: 10.0.0.149
----- Initializing Renderer ----
execing ragdoll.cfg from disk
----- Client Initialization -----
----- Client Initialization Complete -----
fs_game is write protected.
Trying SMP acceleration...
...succeeded.
----- R_Init -----
Getting Direct3D 9 interface...
Pixel shader version is 3.0
Vertex shader version is 3.0
Shader model 2.0 code path is available.
Shader model 3.0 code path is available.
Using Shader model 3.0 code path because it is the best available path on this hardware.
Attempting 1920 x 1080 window at (0, 0)
Com_TouchMemory: 0 msec. Using sum: 0
Game window successfully created.
Using 4x anti-aliasing
Creating Direct3D device...
Database: Assets Sync Started
Database: Assets Sync Finished
Loading fastfile code_post_gfx
Loading fastfile mod
Database: Assets Sync Started
Loading fastfile 'code_post_gfx'
used 1.13 MB memory in DB alloc
Loading fastfile 'mod'
used 30.66 MB memory in DB alloc
ERROR: image 'images/pby_crew_viewarm_c_new.iwi' is missing
ERROR: image 'images/pby_crew_viewarm_n_new.iwi' is missing
ERROR: image 'images/viewmodel_rus_guard_c_new.iwi' is missing
ERROR: image 'images/viewmodel_rus_guard_n_new.iwi' is missing
ERROR: image 'images/viewmodel_jap_infantry_c_new.iwi' is missing
ERROR: image 'images/~viewmodel_rus_guard_s_new-rg~bb1ac844.iwi' is missing
ERROR: image 'images/viewmodel_jap_infantry_n_new.iwi' is missing
ERROR: image 'images/~pby_crew_viewarm_s_new-rgb&$~ae6da276.iwi' is missing
ERROR: image 'images/~viewmodel_jap_infantry_s_new~21e98aec.iwi' is missing
Database: Assets Sync Finished
Database: Assets Sync Started
Database: Assets Sync Finished
Loading fastfile ui
Loading fastfile localized_common
Loading fastfile common
Loading fastfile patch
Initializing render targets...
Requested frame buffer to be 24-bit color with 8-bit alpha
DirectX returned a frame buffer that is 24-bit color with 8-bit alpha
Initializing static model cache...
Initializing dynamic buffers...
Initializing particle cloud buffer...
Creating Direct3D queries...
Loading fastfile 'ui'
used 39.48 MB memory in DB alloc
Setting initial state...
DirectX reports 2048 MB of video memory and 3906 MB of available texture memory.
Using video memory size to cap used texture memory at 2032 MB.
Picmip is set manually.
Using picmip 0 on most textures, 0 on normal maps, and 0 on specular maps
Error: Could not load material "zombie_electric_shock_overlay".
Error: Could not load material "zombie_transporter_overlay".
Error: Could not load material "water_droplet".
Error: Could not load material "water_dynamic_spray".

------- sound system initialization -------
------- sound system successfully initialized -------
Hostname: DESKTOP-26DJEQR
PC IP: 10.0.0.149
end $init 1942 ms
--- Common Initialization Complete ---
fs_game is write protected.
Database: Assets Sync Started
WARNING: Could not find zone 'C:\Program Files (x86)\Steam\steamapps\common\Call of Duty World at War\zone\english\localized_common.ff'
Loading fastfile 'common'
used 41.51 MB memory in DB alloc
Loading fastfile 'patch'
used 2.06 MB memory in DB alloc
Database: Assets Sync Finished
Loading fastfile nazi_zombie_sumpf_load
g_gametype cmp is not a valid gametype, defaulting to dm
Database: Assets Sync Started
Loading fastfile 'nazi_zombie_sumpf_load'
used 0.00 MB memory in DB alloc
Database: Assets Sync Finished
PROFILES: setting server info to 0.0.0.0:0
Couldn't get profiles instance, are we logged on?
Huffman Took 0 Milliseconds
------ Server Initialization ------
Server: nazi_zombie_sumpf
Database: Assets Sync Started
Database: Assets Sync Finished
----- R_Init -----
DirectX reports 2048 MB of video memory and 3823 MB of available texture memory.
Using video memory size to cap used texture memory at 2032 MB.
Picmip is set manually.
Using picmip 0 on most textures, 0 on normal maps, and 0 on specular maps
Customezied arena file not found: mod.arena
Save Message First Frame Shown: 2840
Database: Assets Sync Started
Database: Assets Sync Finished
Unloaded fastfile ui
PMem_Free( ui, 0 )
Loading fastfile localized_nazi_zombie_sumpf
Database: Assets Sync Started
Loading fastfile 'localized_nazi_zombie_sumpf'
used 9.89 MB memory in DB alloc
Database: Assets Sync Finished
Loading fastfile nazi_zombie_sumpf_patch
Database: Assets Sync Started
Loading fastfile 'nazi_zombie_sumpf_patch'
used 1.29 MB memory in DB alloc
Database: Assets Sync Finished
Loading fastfile nazi_zombie_sumpf
Loading fastfile 'nazi_zombie_sumpf'
used 122.47 MB memory in DB alloc
Waited 745 msec for asset 'maps/nazi_zombie_sumpf.d3dbsp' of type 'col_map_mp'.
----------------------
Game: G_SetupWeaponDef
----------------------
animscripts/traverse/wall_hopanimscripts/traverse/crouch_jump_down_40animscripts/traverse/wall_hop_zombieWaited 10 msec for asset 'ch_dazed_d_death' of type 'xanim'.
Waited 0 msec for asset 'ch_dazed_c_death' of type 'xanim'.
Waited 0 msec for asset 'ch_dazed_b_death' of type 'xanim'.
Waited 0 msec for asset 'ch_dazed_a_death' of type 'xanim'.
Error: Waited 472 msec for missing asset "ai_flamethrower_crouch_pain".
Error: Could not load xanim "ai_flamethrower_crouch_pain".
Error: Could not load xanim "ai_flamethrower_stand_pain".
Error: Could not load xanim "ai_flamethrower_wounded_stand_leg".
Error: Could not load xanim "ai_flamethrower_wounded_stand_head".
Error: Could not load xanim "ai_flamethrower_wounded_stand_chest".
Error: Could not load xanim "ai_flamethrower_wounded_stand_arm".
Error: Could not load xanim "ai_bonzai_buddy_fail_rear".
Error: Could not load xanim "ai_bonzai_buddy_fail_front".
Error: Could not load xanim "ai_bonzai_enemy_fail_rear".
Error: Could not load xanim "ai_bonzai_enemy_fail_right".
Error: Could not load xanim "ai_bonzai_enemy_fail_left".
Error: Could not load xanim "ai_bonzai_enemy_fail_front".
Error: Could not load xanim "ai_flamethrower_crouch_death".
Error: Could not load xanim "ai_flamethrower_stand_death".
Error: Could not load xanim "ai_flamethrower_death_b".
Error: Could not load xanim "ai_attacked_german_shepherd_05_death_a".
Error: Could not load xanim "ai_attacked_german_shepherd_04_getup_a".
Error: Could not load xanim "ai_attacked_german_shepherd_04_middle_a".
Error: Could not load xanim "ai_attacked_german_shepherd_03_shoot_a".
Error: Could not load xanim "ai_attacked_german_shepherd_03_push_a".
Error: Could not load xanim "ai_attacked_german_shepherd_02_getup_a".
Error: Could not load xanim "ai_attacked_german_shepherd_02_idle_a".
Error: Could not load xanim "ai_attacked_german_shepherd_01_start_a".
Error: Could not load xanim "ai_bonzai_enemy_attack_player_success".
Error: Could not load xanim "ai_bonzai_enemy_attack_player_fail".
Error: Could not load xanim "ai_bonzai_enemy_attack_player_intro".
Error: Could not load xanim "ai_bonzai_enemy_attack_player".
Error: Could not load xanim "ai_bonzai_enemy_attack_player_impact".
Error: Could not load xanim "ai_bonzai_enemy_success_rear".
Error: Could not load xanim "ai_bonzai_enemy_success_front".
Error: Could not load xanim "ai_bonzai_buddy_success_rear".
Error: Could not load xanim "ai_bonzai_buddy_success_right".
Error: Could not load xanim "ai_bonzai_buddy_success_left".
Error: Could not load xanim "ai_bonzai_buddy_success_front".
Error: Could not load xanim "ai_zombie_traverse_v3".
Error: Could not load xanim "ai_flamethrower_stand_2_crouch".
Error: Could not load xanim "ai_flamethrower_crouch_2_stand".
Error: Could not load xanim "ai_flamethrower_crouch_turn90r".
Error: Could not load xanim "ai_flamethrower_crouch_turn90l".
Error: Could not load xanim "ai_flamethrower_turn180".
Error: Could not load xanim "ai_flamethrower_turn135r".
Error: Could not load xanim "ai_flamethrower_turn135l".
Error: Could not load xanim "ai_flamethrower_turn90r".
Error: Could not load xanim "ai_flamethrower_turn90l".
Error: Could not load xanim "ai_flamethrower_turn45r".
Error: Could not load xanim "ai_flamethrower_turn45l".
Error: Could not load xanim "ai_flamethrower_crouch_aim_5".
Error: Could not load xanim "ai_flamethrower_aim_5".
Error: Could not load xanim "ai_flamethrower_crouch_idle_a_alert_v1".
Error: Could not load xanim "ai_flamethrower_stand_idle_alert_v1".
Error: Could not load xanim "ai_flamethrower_crouch_aim_8".
Error: Could not load xanim "ai_flamethrower_aim_8".
Error: Could not load xanim "ai_flamethrower_crouch_aim_2".
Error: Could not load xanim "ai_flamethrower_aim_2".
Error: Could not load xanim "ai_flamethrower_crouch_aim_6".
Error: Could not load xanim "ai_flamethrower_aim_6".
Error: Could not load xanim "ai_flamethrower_crouch_aim_4".
Error: Could not load xanim "ai_flamethrower_aim_4".
Error: Could not load xanim "ai_mg_shoulder_run".
Error: Could not load xanim "ai_bonzai_sprint_d".
Error: Could not load xanim "ai_bonzai_sprint_c".
Error: Could not load xanim "ai_bonzai_sprint_b".
Error: Could not load xanim "ai_bonzai_sprint_a".
Error: Could not load xanim "ai_flamethrower_combatrun_c".
Error: Could not load xanim "ai_flamethrower_crouch_twitch".
Error: Could not load xanim "ai_flamethrower_crouch_idle_b".
Error: Could not load xanim "ai_flamethrower_crouch_idle_a".
Error: Could not load xanim "ai_flamethrower_stand_twitch".
Error: Could not load xanim "ai_flamethrower_stand_idle_casual_v1".
Error: Could not load xanim "ai_mg_shoulder_run2crouch".
Error: Could not load xanim "ai_mg_shoulder_crouch_idle".
Error: Could not load xanim "ai_mg_shoulder_run2stand".
Error: Could not load xanim "ai_mg_shoulder_stand_idle".
Error: Could not load xanim "ai_flame_crouch_fire_center".
Error: Could not load xanim "ai_flame_fire_center".
Error: Could not load xanim "void_loop".
Error: Could not load xanim "int_bonzai_attack_player_success".
Error: Could not load xanim "int_bonzai_attack_player_fail".
Error: Could not load xanim "int_bonzai_attack_player_intro".
Error: Could not load xanim "int_bonzai_attack_player".
Error: Could not load xanim "int_bonzai_attack_player_impact".
Error: Could not load xanim "german_shepherd_attack_ai_05_kill_a".
Error: Could not load xanim "german_shepherd_attack_ai_04_middle_a".
Error: Could not load xanim "german_shepherd_attack_ai_03_shot_a".
Error: Could not load xanim "german_shepherd_attack_ai_03_pushed_a".
Error: Could not load xanim "german_shepherd_attack_ai_02_idle_a".
Error: Could not load xanim "german_shepherd_attack_ai_01_start_a".
Error: Could not load xanim "p_makinraid_hatch".
Error: Could not load xanim "crew_sherman_passenger9_combatidle_player".
Error: Could not load xanim "crew_sherman_passenger8_combatidle_player".
Error: Could not load xanim "crew_lvt4_peleliu1_character9_player".
Error: Could not load xanim "crew_lvt4_peleliu1_character5_player".
Error: Could not load xanim "crew_lvt4_peleliu1_character4_player".
Error: Waited 173 msec for missing asset "p_flak1_tag2_idle".
Error: Could not load xanim "p_flak1_tag2_idle".
Error: Could not load xanim "pb_prone_crawl_right_hold_satchel".
Error: Could not load xanim "pb_prone_crawl_left_hold_satchel".
Error: Could not load xanim "pb_prone_crawl_back_hold_satchel".
Error: Could not load xanim "pb_prone_crawl_hold_satchel".
Error: Could not load xanim "pb_crouch_hold_run_right_satchel".
Error: Could not load xanim "pb_crouch_hold_run_left_satchel".
Error: Could not load xanim "pb_crouch_hold_run_back_satchel".
Error: Could not load xanim "pb_crouch_hold_run_satchel".
Error: Could not load xanim "pb_hold_run_left_satchel".
Error: Could not load xanim "pb_hold_run_right_satchel".
Error: Could not load xanim "pb_hold_run_back_satchel".
Error: Could not load xanim "pb_hold_run_satchel".
Error: Could not load xanim "pb_sprint_hold_satchel".
Error: Could not load xanim "pb_crouch_hold_idle_satchel".
Error: Could not load xanim "pb_hold_idle_satchel".
Error: Could not load xanim "pb_prone_hold_satchel".
Error: Could not load xanim "pt_hold_prone_throw_satchel".
Error: Could not load xanim "pt_hold_throw_satchel".
-----------------------------------
Stielhandgranate: WEAPON_FRAGGRENADE
fraggrenade: WEAPON_FRAGGRENADE
mine_bouncing_betty: WEAPON_BETTY
Error: Could not load rawfile "shock/zombie_death.shock".
Error: couldn't open 'shock/zombie_death.shock'.
'0' is not a valid value for dvar 'bg_shock_viewKickPeriod'
  Domain is any number from 0.001 to 1000
'0' is not a valid value for dvar 'bg_shock_soundFadeInTime'
  Domain is any number from 0.001 to 1000
'0' is not a valid value for dvar 'bg_shock_soundFadeOutTime'
  Domain is any number from 0.001 to 1000
napalmblob: WEAPON_SMOKE
napalmbloblight: WEAPON_SMOKE
syrette: WEAPON_SYRETTE
molotov: WEAPON_SMOKE
zombie_perk_bottle_doubletap: WEAPON_ZOMBIE_PERK_BOTTLE
zombie_perk_bottle_jugg: WEAPON_ZOMBIE_PERK_BOTTLE
zombie_perk_bottle_revive: WEAPON_ZOMBIE_PERK_BOTTLE
zombie_perk_bottle_sleight: WEAPON_ZOMBIE_PERK_BOTTLE
-----------------------------------
Working directory: C:\Program Files (x86)\Steam\steamapps\common\Call of Duty World at War
SV_DirectConnect()
Connecting player #0 has a zero GUID
Going from CS_FREE to CS_CONNECTED for  (num 0 guid 0)
Received packet 0 of stats data
Received packet 1 of stats data
Received packet 2 of stats data
Received packet 3 of stats data
Received packet 4 of stats data
Received packet 5 of stats data
Received packet 6 of stats data
John_Banana : dropped gamestate, resending
SV_SendClientGameState() for John_Banana
Going from CS_CONNECTED to CS_CLIENTLOADING for John_Banana
--
DynEnt_WriteGameState wrote 2 bytes
--
Sending 26679 bytes in gamestate to client: 0
Database: Assets Sync Started
Database: Assets Sync Finished
Setting state to CA_LOADING in CL_DownloadsComplete
nazi_zombie_sumpf matches, incrementing leaderboard num 3, entry 7 to 1!
Setting state to CA_LOADING in CL_InitCGame
Player 0 no longer burning at time: 0
Player 0 no longer electrified at time: 0
Player 0 no longer transporter sick at time: 0
Error: Could not load material "nightvision_overlay_goggles".
Error: Could not load material "decode_characters".
Error: Could not load material "decode_characters_glow".
Error: Could not load material "killicondied".
Error: Could not load material "killiconcrush".
Error: Could not load material "killiconfalling".
Error: Could not load material "killiconsuicide".
Error: Could not load material "killiconheadshot".
Error: Could not load material "killiconmelee".
Error: Could not load rawfile "clientscripts/_zombie_mode.csc".
Could not find script 'clientscripts/_zombie_mode'
LOADING... collision map
LOADING... graphics
LOADING... maps/nazi_zombie_sumpf.d3dbsp

Foliage: --------------------------
Foliage: smodelCount = 6170
Foliage: foliage model count = 6170 (max=16384)
Foliage: sizeof(g_modelInfos) = 16384, element size = 1
Foliage: --------------------------

vertex stream 2: --------------------------
vertex stream 2: needs 31716 bytes
vertex stream 2: vertex buffer allocate ok
vertex stream 2: --------------------------
LOADING... game media
LOADING...  - textures
Error: Could not load material "headicondisconnected".
Error: Could not load material "headiconyouinkillcam".
Error: Could not load material "objective_up".
Error: Could not load material "objective_down".
Error: Could not load material "compassping_friendly".
Error: Could not load material "objective_friendly_chat".
Error: Could not load material "compassping_enemy".
Error: Could not load material "compass_radarline".
Error: Could not load material "compass_objpoint_airstrike_busy".
Error: Could not load material "compass_objpoint_airstrike_friendly".
Error: Could not load material "hud_flashbangicon".
Error: Could not load material "hud_banzai".
Error: Could not load material "hud_banzaigrenade".
LOADING...  - models
LOADING...  - items
LOADING...  - inline models
LOADING...  - server models
Error: Could not load fx "impacts/fx_deathfx_bloodpool_view".
Error: Could not load fx "impacts/fx_deathfx_dogbite".
Error: Could not load fx "weapon/grenade/fx_american_smoke_grenade".
Error: Could not load fx "misc/fx_flare_sky_white_10sec".
Error: Could not load fx "weapon/grenade/fx_gas_grenade_22sec".
Error: Could not load fx "weapon/rocket/fx_trail_bazooka_geotrail".
Error: Could not load fx "env/fire/fx_fire_player_sm_smk_2sec".
Error: Could not load rawfile "shock/zombie_death.shock".
Error: couldn't open 'shock/zombie_death.shock'.
'0' is not a valid value for dvar 'bg_shock_viewKickPeriod'
  Domain is any number from 0.001 to 1000
'0' is not a valid value for dvar 'bg_shock_soundFadeInTime'
  Domain is any number from 0.001 to 1000
'0' is not a valid value for dvar 'bg_shock_soundFadeOutTime'
  Domain is any number from 0.001 to 1000
Error: Could not load fx "treadfx/heli_dust_default".
Error: Could not load fx "treadfx/heli_water".
Error: Could not load fx "smoke/smoke_trail_white_heli".
Error: Could not load fx "smoke/smoke_trail_black_heli".
Error: Could not load fx "fire/fire_smoke_trail_L".
Error: Could not load fx "fire/jet_afterburner".
Error: Could not load fx "vehicle/water/fx_wake_lvt_churn".
LOADING...  - game media done
LOADING... clients
Error: Could not load menufile "ui/scriptmenus/briefing.menu".
Error: Could not load menufile "ui/scriptmenus/loadout_splitscreen.menu".
*** CLIENT SPAWN 0 script_brushmodels 0 script_models.
Error: attempted to play spatialized alias 'cicada_drone_loop_b' while there is no active listener. Most likely this means you tried to play a spatialized sound while not in a level.
Error: attempted to play spatialized alias 'cicada_drone_loop_b' while there is no active listener. Most likely this means you tried to play a spatialized sound while not in a level.
Error: attempted to play spatialized alias 'amb_swamp_01_L' while there is no active listener. Most likely this means you tried to play a spatialized sound while not in a level.
Error: attempted to play spatialized alias 'amb_swamp_01_R' while there is no active listener. Most likely this means you tried to play a spatialized sound while not in a level.
Error: attempted to play spatialized alias 'amb_swamp_02_L' while there is no active listener. Most likely this means you tried to play a spatialized sound while not in a level.
Error: attempted to play spatialized alias 'amb_swamp_02_R' while there is no active listener. Most likely this means you tried to play a spatialized sound while not in a level.
Error: Could not load material "terrain_scorch_bark".
Error: Could not load material "terrain_scorch_brick".
Error: Could not load material "terrain_scorch_carpet".
Error: Could not load material "terrain_scorch_cloth".
Error: Could not load material "terrain_scorch_concrete".
Error: Could not load material "terrain_scorch_dirt".
Error: Could not load material "terrain_scorch_flesh".
Error: Could not load material "terrain_scorch_foliage".
Error: Could not load material "terrain_scorch_glass".
Error: Could not load material "terrain_scorch_gravel".
Error: Could not load material "terrain_scorch_ice".
Error: Could not load material "terrain_scorch_metal".
Error: Could not load material "terrain_scorch_paper".
Error: Could not load material "terrain_scorch_plaster".
Error: Could not load material "terrain_scorch_rock".
Error: Could not load material "terrain_scorch_snow".
Error: Could not load material "terrain_scorch_water".
Error: Could not load material "terrain_scorch_wood".
Error: Could not load material "terrain_scorch_asphalt".
Error: Could not load material "terrain_scorch_ceramic".
Error: Could not load material "terrain_scorch_plastic".
Error: Could not load material "terrain_scorch_rubber".
Error: Could not load material "terrain_scorch_cushion".
Error: Could not load material "terrain_scorch_fruit".
Error: Could not load material "terrain_scorch_paintedmetal".
Error: Could not load material "terrain_scorch_player".
Error: Could not load material "terrain_scorch_tallgrass".
CL_InitCGame:  0.46 seconds
Com_TouchMemory: 0 msec. Using sum: -1318388969
Hiding channel: gamenotify
Hiding channel: obituary
Adding channel: gamenotify
Adding channel: obituary
Hiding channel: boldgame
Adding channel: boldgame
Hiding channel: subtitle
Adding channel: subtitle
Hiding channel: coopinfo
Adding channel: coopinfo
Database: Assets Sync Started
Database: Assets Sync Finished
Going from CS_CLIENTLOADING to CS_ACTIVE for John_Banana
WARNING: no alias prefix defined, using default
Fade in 6987 1250
G_WriteGame 'nazi_zombie_sumpf-zombie_start' 'AUTOSAVE_LEVELSTART'
G_WriteGame 'nazi_zombie_sumpf' 'AUTOSAVE_LEVELSTART'
]timescale 5
Com_TouchMemory: 0 msec. Using sum: -1318388969
]god
Com_TouchMemory: 0 msec. Using sum: -1318388969
Com_TouchMemory: 0 msec. Using sum: -1318388969
AI (entity 752, origin 10235.7 682.6 -527.9) couldn't find path to goal.
Com_TouchMemory: 0 msec. Using sum: -1318388969
R_MarkFragments: Too many triangles to mark, max 255 radius 39.72 at 10172.68 805.66 -528.88
R_MarkFragments: Too many triangles to mark, max 255 radius 32.72 at 10160.90 798.44 -524.06
R_MarkFragments: Too many triangles to mark, max 255 radius 34.12 at 10148.03 807.10 -523.35
R_MarkFragments: Too many triangles to mark, max 255 radius 32.29 at 10163.14 805.66 -527.05
R_MarkFragments: Too many triangles to mark, max 255 radius 38.60 at 10137.11 818.51 -523.40
R_MarkFragments: Too many triangles to mark, max 255 radius 34.91 at 10153.48 818.59 -528.84
]timescale 1
]noclip
Ragdoll activation timed out waiting for dobj 0x0
Ragdoll activation timed out waiting for dobj 0x0
Ragdoll activation timed out waiting for dobj 0x0
Ragdoll activation timed out waiting for dobj 0x0
Ragdoll activation timed out waiting for dobj 0x0
Ragdoll activation timed out waiting for dobj 0x0
Ragdoll activation timed out waiting for dobj 0x0
Ragdoll activation timed out waiting for dobj 0x0
Ragdoll activation timed out waiting for dobj 0x0
Ragdoll activation timed out waiting for dobj 0x0
Ragdoll activation timed out waiting for dobj 0x0
Ragdoll activation timed out waiting for dobj 0x0
Ragdoll activation timed out waiting for dobj 0x0
Ragdoll activation timed out waiting for dobj 0x0
Ragdoll activation timed out waiting for dobj 0x0
Ragdoll activation timed out waiting for dobj 0x0
Ragdoll activation timed out waiting for dobj 0x0
Ragdoll activation timed out waiting for dobj 0x0
Ragdoll activation timed out waiting for dobj 0x0
Ragdoll activation timed out waiting for dobj 0x0
Ragdoll activation timed out waiting for dobj 0x0
Ragdoll activation timed out waiting for dobj 0x0
Ragdoll activation timed out waiting for dobj 0x0
Ragdoll activation timed out waiting for dobj 0x0
Ragdoll activation timed out waiting for dobj 0x0
Ragdoll activation timed out waiting for dobj 0x0
Ragdoll activation timed out waiting for dobj 0x0
Ragdoll activation timed out waiting for dobj 0x0
Ragdoll activation timed out waiting for dobj 0x0
Ragdoll activation timed out waiting for dobj 0x0
Ragdoll activation timed out waiting for dobj 0x0
Ragdoll activation timed out waiting for dobj 0x0
Ragdoll activation timed out waiting for dobj 0x0
Ragdoll activation timed out waiting for dobj 0x0
Ragdoll activation timed out waiting for dobj 0x0
Ragdoll activation timed out waiting for dobj 0x0
Ragdoll activation timed out waiting for dobj 0x0
Ragdoll activation timed out waiting for dobj 0x0
Ragdoll activation timed out waiting for dobj 0x0
RandomInt parm: 0  
******* script runtime error *******
RandomInt parm must be positive integer.
: (file 'maps/_zombiemode.gsc', line 1396)
   spawn_point = level.enemy_spawns[RandomInt( level.enemy_spawns.size )]; 
                                    *
Error: started from:
(file 'maps/_utility.gsc', line 9903)
        level waittill("snapacknowledged");
              *
Error: ************************************

******* script runtime error *******
undefined is not an array index: (file 'maps/_zombiemode.gsc', line 1396)
   spawn_point = level.enemy_spawns[RandomInt( level.enemy_spawns.size )]; 
                                             *
Error: started from:
(file 'maps/_utility.gsc', line 9903)
        level waittill("snapacknowledged");
              *
Error: ************************************

******* script runtime error *******
undefined is not a field object: (file 'maps/_zombiemode_utility.gsc', line 20)
 spawner.script_moveoverride = true; 
 *
Error: called from:
(file 'maps/_zombiemode.gsc', line 1403)
   ai = spawn_zombie( spawn_point ); 
        *
Error: started from:
(file 'maps/_utility.gsc', line 9903)
        level waittill("snapacknowledged");
              *
Error: ************************************

******* script runtime error *******
undefined is not a field object: (file 'maps/_zombiemode_utility.gsc', line 22)
 if( IsDefined( spawner.script_forcespawn ) && spawner.script_forcespawn ) 
                *
Error: called from:
(file 'maps/_zombiemode.gsc', line 1403)
   ai = spawn_zombie( spawn_point ); 
        *
Error: started from:
(file 'maps/_utility.gsc', line 9903)
        level waittill("snapacknowledged");
              *
Error: ************************************

******* script runtime error *******
undefined is not an entity: (file 'maps/_zombiemode_utility.gsc', line 28)
  guy = spawner DoSpawn();  
        *
Error: called from:
(file 'maps/_zombiemode.gsc', line 1403)
   ai = spawn_zombie( spawn_point ); 
        *
Error: started from:
(file 'maps/_utility.gsc', line 9903)
        level waittill("snapacknowledged");
              *
Error: ************************************

******* script runtime error *******
undefined is not a field object: (file 'maps/_zombiemode_utility.gsc', line 31)
 spawner.count = 666; 
 *
Error: called from:
(file 'maps/_zombiemode.gsc', line 1403)
   ai = spawn_zombie( spawn_point ); 
        *
Error: started from:
(file 'maps/_utility.gsc', line 9903)
        level waittill("snapacknowledged");
              *
Error: ************************************
]noclip
RandomInt parm: 0  
******* script runtime error *******
RandomInt parm must be positive integer.
: (file 'maps/_zombiemode.gsc', line 1396)
   spawn_point = level.enemy_spawns[RandomInt( level.enemy_spawns.size )]; 
                                    *
Error: started from:
(file 'maps/_utility.gsc', line 9903)
        level waittill("snapacknowledged");
              *
Error: ************************************

******* script runtime error *******
undefined is not an array index: (file 'maps/_zombiemode.gsc', line 1396)
   spawn_point = level.enemy_spawns[RandomInt( level.enemy_spawns.size )]; 
                                             *
Error: started from:
(file 'maps/_utility.gsc', line 9903)
        level waittill("snapacknowledged");
              *
Error: ************************************

******* script runtime error *******
undefined is not a field object: (file 'maps/_zombiemode_utility.gsc', line 20)
 spawner.script_moveoverride = true; 
 *
Error: called from:
(file 'maps/_zombiemode.gsc', line 1403)
   ai = spawn_zombie( spawn_point ); 
        *
Error: started from:
(file 'maps/_utility.gsc', line 9903)
        level waittill("snapacknowledged");
              *
Error: ************************************

******* script runtime error *******
undefined is not a field object: (file 'maps/_zombiemode_utility.gsc', line 22)
 if( IsDefined( spawner.script_forcespawn ) && spawner.script_forcespawn ) 
                *
Error: called from:
(file 'maps/_zombiemode.gsc', line 1403)
   ai = spawn_zombie( spawn_point ); 
        *
Error: started from:
(file 'maps/_utility.gsc', line 9903)
        level waittill("snapacknowledged");
              *
Error: ************************************

******* script runtime error *******
undefined is not an entity: (file 'maps/_zombiemode_utility.gsc', line 28)
  guy = spawner DoSpawn();  
        *
Error: called from:
(file 'maps/_zombiemode.gsc', line 1403)
   ai = spawn_zombie( spawn_point ); 
        *
Error: started from:
(file 'maps/_utility.gsc', line 9903)
        level waittill("snapacknowledged");
              *
Error: ************************************

******* script runtime error *******
undefined is not a field object: (file 'maps/_zombiemode_utility.gsc', line 31)
 spawner.count = 666; 
 *
Error: called from:
(file 'maps/_zombiemode.gsc', line 1403)
   ai = spawn_zombie( spawn_point ); 
        *
Error: started from:
(file 'maps/_utility.gsc', line 9903)
        level waittill("snapacknowledged");
              *
Error: ************************************
RandomInt parm: 0  
******* script runtime error *******
RandomInt parm must be positive integer.
: (file 'maps/_zombiemode.gsc', line 1396)
   spawn_point = level.enemy_spawns[RandomInt( level.enemy_spawns.size )]; 
                                    *
Error: started from:
(file 'maps/_utility.gsc', line 9903)
        level waittill("snapacknowledged");
              *
Error: ************************************

******* script runtime error *******
undefined is not an array index: (file 'maps/_zombiemode.gsc', line 1396)
   spawn_point = level.enemy_spawns[RandomInt( level.enemy_spawns.size )]; 
                                             *
Error: started from:
(file 'maps/_utility.gsc', line 9903)
        level waittill("snapacknowledged");
              *
Error: ************************************

******* script runtime error *******
undefined is not a field object: (file 'maps/_zombiemode_utility.gsc', line 20)
 spawner.script_moveoverride = true; 
 *
Error: called from:
(file 'maps/_zombiemode.gsc', line 1403)
   ai = spawn_zombie( spawn_point ); 
        *
Error: started from:
(file 'maps/_utility.gsc', line 9903)
        level waittill("snapacknowledged");
              *
Error: ************************************

******* script runtime error *******
undefined is not a field object: (file 'maps/_zombiemode_utility.gsc', line 22)
 if( IsDefined( spawner.script_forcespawn ) && spawner.script_forcespawn ) 
                *
Error: called from:
(file 'maps/_zombiemode.gsc', line 1403)
   ai = spawn_zombie( spawn_point ); 
        *
Error: started from:
(file 'maps/_utility.gsc', line 9903)
        level waittill("snapacknowledged");
              *
Error: ************************************

******* script runtime error *******
undefined is not an entity: (file 'maps/_zombiemode_utility.gsc', line 28)
  guy = spawner DoSpawn();  
        *
Error: called from:
(file 'maps/_zombiemode.gsc', line 1403)
   ai = spawn_zombie( spawn_point ); 
        *
Error: started from:
(file 'maps/_utility.gsc', line 9903)
        level waittill("snapacknowledged");
              *
Error: ************************************

******* script runtime error *******
undefined is not a field object: (file 'maps/_zombiemode_utility.gsc', line 31)
 spawner.count = 666; 
 *
Error: called from:
(file 'maps/_zombiemode.gsc', line 1403)
   ai = spawn_zombie( spawn_point ); 
        *
Error: started from:
(file 'maps/_utility.gsc', line 9903)
        level waittill("snapacknowledged");
              *
Error: ************************************
PROFILES: setting server info to 0.0.0.0:0
Couldn't get profiles instance, are we logged on?
Calling Party_StopParty() on lobby
Clearing migration data
Database: Assets Sync Started
Database: Assets Sync Finished
********************
Disconnecting: Disconnected from server
********************
PERFORMANCE WARNING: occlusion thread is tracing when client wants to update for 9427 frames...
PROFILES: setting server info to 0.0.0.0:0
Couldn't get profiles instance, are we logged on?
----- Server Shutdown -----
ShutdownGame:
------------------------------------------------------------
Going to CS_ZOMBIE from 4 for John_Banana
0:John_Banana EXE_DISCONNECTED
---------------------------
Database: Assets Sync Started
Database: Assets Sync Finished
----- R_Init -----
DirectX reports 2048 MB of video memory and 3696 MB of available texture memory.
Using video memory size to cap used texture memory at 2032 MB.
Picmip is set manually.
Using picmip 0 on most textures, 0 on normal maps, and 0 on specular maps
Database: Assets Sync Started
Database: Assets Sync Finished
Unloaded fastfile nazi_zombie_sumpf_patch
PMem_Free( nazi_zombie_sumpf_patch, 1 )
Unloaded fastfile nazi_zombie_sumpf_load
PMem_Free( nazi_zombie_sumpf_load, 1 )
Unloaded fastfile nazi_zombie_sumpf
PMem_Free( nazi_zombie_sumpf, 0 )
Unloaded fastfile localized_nazi_zombie_sumpf
PMem_Free( localized_nazi_zombie_sumpf, 0 )
Loading fastfile ui
Customezied arena file not found: mod.arena
Loading fastfile 'ui'
used 39.48 MB memory in DB alloc
Waited 341 msec for asset 'loadscreen_mak' of type 'material'.
Waited 2 msec for asset 'loadscreen_pel1' of type 'material'.
Waited 3 msec for asset 'loadscreen_pel2' of type 'material'.
Waited 1 msec for asset 'loadscreen_see1' of type 'material'.
Waited 1 msec for asset 'loadscreen_see2' of type 'material'.
Waited 3 msec for asset 'loadscreen_nazi_zombie_prototype' of type 'material'.
Waited 5 msec for asset 'playlist_sp_recr' of type 'material'.
Waited 0 msec for asset 'playlist_sp_reg' of type 'material'.
Waited 0 msec for asset 'playlist_sp_hard' of type 'material'.
Waited 1 msec for asset 'playlist_sp_vet' of type 'material'.
loopback: Got msg sequence 9061 from 0 but connstate (2) is < CA_CONNECTED
loopback: Got msg sequence 9062 from 0 but connstate (2) is < CA_CONNECTED
Connecting to Demonware...
Controller #0 signed in locally
DW_DNS_RESOLVING
DW_GETUSERNAMES(2 msecs)
Retrieving usernamesSave Message First Frame Shown: 72734

Populated dw_user dvars with 4 accounts
Sidshady12
Test12354
PaxtonRidge
John_Banana
secretsauce is r00[g000
DW_AUTHORIZING John_Banana
DW_AUTHORIZED (95 msecs)
DW_LOBBY_CONNECTING
DW_LOGON_GETFRIENDS

Checking for new version
DW_LOGON_GETFRIENDS
DW_LOGON_COMPLETE
Checking if profile exists..
18 friends, populating list..
starting to get public profiles for 18 friends..
We have 0 outgoing proposals
Messages retrieved ok
Profile exists!

DW_LOGON_COMPLETE
starting to get public profiles for 18 friends..
Hostname: DESKTOP-26DJEQR
PC IP: 10.0.0.149
Controller #0 signed in to live
Error: line 317: Invalid line in playlist 0
Error: line 322: Invalid line in playlist 0
Error: line 327: Invalid line in playlist 0
Error: line 332: Invalid line in playlist 0
Setting playlist version to 102 for controller 0
Got friend profiles OK!
Got friend profiles OK!
quitting...
----- CL_Shutdown -----
PROFILES: setting server info to 0.0.0.0:0
starting to set profile info..
-----------------------
Database: Assets Sync Started
Database: Assets Sync Finished
Unloaded fastfile ui
PMem_Free( ui, 0 )
Unloaded fastfile patch
PMem_Free( patch, 1 )
Unloaded fastfile common
PMem_Free( common, 1 )
Unloaded fastfile mod
PMem_Free( mod, 0 )
Unloaded fastfile code_post_gfx
PMem_Free( code_post_gfx, 0 )
Database: Assets Sync Started
Database: Assets Sync Finished
